{"F:/my/front-practice/unitTest/cypressLearn/babel.config.js": {"path":"F:/my/front-practice/unitTest/cypressLearn/babel.config.js","statementMap":{},"fnMap":{},"branchMap":{},"s":{},"f":{},"b":{}}
,"F:/my/front-practice/unitTest/cypressLearn/vue.config.js": {"path":"F:/my/front-practice/unitTest/cypressLearn/vue.config.js","statementMap":{},"fnMap":{},"branchMap":{},"s":{},"f":{},"b":{}}
,"F:/my/front-practice/unitTest/cypressLearn/coverage/lcov-report/block-navigation.js": {"path":"F:/my/front-practice/unitTest/cypressLearn/coverage/lcov-report/block-navigation.js","statementMap":{},"fnMap":{},"branchMap":{},"s":{},"f":{},"b":{}}
,"F:/my/front-practice/unitTest/cypressLearn/coverage/lcov-report/prettify.js": {"path":"F:/my/front-practice/unitTest/cypressLearn/coverage/lcov-report/prettify.js","statementMap":{},"fnMap":{},"branchMap":{},"s":{},"f":{},"b":{}}
,"F:/my/front-practice/unitTest/cypressLearn/coverage/lcov-report/sorter.js": {"path":"F:/my/front-practice/unitTest/cypressLearn/coverage/lcov-report/sorter.js","statementMap":{},"fnMap":{},"branchMap":{},"s":{},"f":{},"b":{}}
,"F:/my/front-practice/unitTest/cypressLearn/cypress/fixtures/login.js": {"path":"F:/my/front-practice/unitTest/cypressLearn/cypress/fixtures/login.js","statementMap":{},"fnMap":{},"branchMap":{},"s":{},"f":{},"b":{}}
,"F:/my/front-practice/unitTest/cypressLearn/cypress/integration/example-test.spec.js": {"path":"F:/my/front-practice/unitTest/cypressLearn/cypress/integration/example-test.spec.js","statementMap":{},"fnMap":{},"branchMap":{},"s":{},"f":{},"b":{}}
,"F:/my/front-practice/unitTest/cypressLearn/cypress/integration/appAPI/simple-api.spec.js": {"path":"F:/my/front-practice/unitTest/cypressLearn/cypress/integration/appAPI/simple-api.spec.js","statementMap":{},"fnMap":{},"branchMap":{},"s":{},"f":{},"b":{}}
,"F:/my/front-practice/unitTest/cypressLearn/cypress/integration/appAPI/datas/urlConfig.js": {"path":"F:/my/front-practice/unitTest/cypressLearn/cypress/integration/appAPI/datas/urlConfig.js","statementMap":{},"fnMap":{},"branchMap":{},"s":{},"f":{},"b":{}}
,"F:/my/front-practice/unitTest/cypressLearn/cypress/integration/appCodeUsing/simple-code.spec.js": {"path":"F:/my/front-practice/unitTest/cypressLearn/cypress/integration/appCodeUsing/simple-code.spec.js","statementMap":{},"fnMap":{},"branchMap":{},"s":{},"f":{},"b":{}}
,"F:/my/front-practice/unitTest/cypressLearn/cypress/integration/appUI/canvas-page-spec.js": {"path":"F:/my/front-practice/unitTest/cypressLearn/cypress/integration/appUI/canvas-page-spec.js","statementMap":{},"fnMap":{},"branchMap":{},"s":{},"f":{},"b":{}}
,"F:/my/front-practice/unitTest/cypressLearn/cypress/integration/appUI/dynamic-login-page.spec.js": {"path":"F:/my/front-practice/unitTest/cypressLearn/cypress/integration/appUI/dynamic-login-page.spec.js","statementMap":{},"fnMap":{},"branchMap":{},"s":{},"f":{},"b":{}}
,"F:/my/front-practice/unitTest/cypressLearn/cypress/integration/appUI/login-page.spec.js": {"path":"F:/my/front-practice/unitTest/cypressLearn/cypress/integration/appUI/login-page.spec.js","statementMap":{},"fnMap":{},"branchMap":{},"s":{},"f":{},"b":{}}
,"F:/my/front-practice/unitTest/cypressLearn/cypress/integration/appUI/datas/login.js": {"path":"F:/my/front-practice/unitTest/cypressLearn/cypress/integration/appUI/datas/login.js","statementMap":{},"fnMap":{},"branchMap":{},"s":{},"f":{},"b":{}}
,"F:/my/front-practice/unitTest/cypressLearn/cypress/plugins/index.js": {"path":"F:/my/front-practice/unitTest/cypressLearn/cypress/plugins/index.js","statementMap":{},"fnMap":{},"branchMap":{},"s":{},"f":{},"b":{}}
,"F:/my/front-practice/unitTest/cypressLearn/cypress/support/commands.js": {"path":"F:/my/front-practice/unitTest/cypressLearn/cypress/support/commands.js","statementMap":{},"fnMap":{},"branchMap":{},"s":{},"f":{},"b":{}}
,"F:/my/front-practice/unitTest/cypressLearn/cypress/support/index.js": {"path":"F:/my/front-practice/unitTest/cypressLearn/cypress/support/index.js","statementMap":{},"fnMap":{},"branchMap":{},"s":{},"f":{},"b":{}}
,"F:/my/front-practice/unitTest/cypressLearn/public/thing.module.js": {"path":"F:/my/front-practice/unitTest/cypressLearn/public/thing.module.js","statementMap":{},"fnMap":{},"branchMap":{},"s":{},"f":{},"b":{}}
,"F:/my/front-practice/unitTest/cypressLearn/src/App.vue": {"path":"F:/my/front-practice/unitTest/cypressLearn/src/App.vue","statementMap":{},"fnMap":{},"branchMap":{},"s":{},"f":{},"b":{}}
,"F:/my/front-practice/unitTest/cypressLearn/src/main.js": {"path":"F:/my/front-practice/unitTest/cypressLearn/src/main.js","statementMap":{},"fnMap":{},"branchMap":{},"s":{},"f":{},"b":{}}
,"F:/my/front-practice/unitTest/cypressLearn/src/components/Upload.vue": {"path":"F:/my/front-practice/unitTest/cypressLearn/src/components/Upload.vue","statementMap":{},"fnMap":{},"branchMap":{},"s":{},"f":{},"b":{}}
,"F:/my/front-practice/unitTest/cypressLearn/src/router/index.js": {"path":"F:/my/front-practice/unitTest/cypressLearn/src/router/index.js","statementMap":{},"fnMap":{},"branchMap":{},"s":{},"f":{},"b":{}}
,"F:/my/front-practice/unitTest/cypressLearn/src/utils/index.js": {"path":"F:/my/front-practice/unitTest/cypressLearn/src/utils/index.js","statementMap":{},"fnMap":{},"branchMap":{},"s":{},"f":{},"b":{}}
,"F:/my/front-practice/unitTest/cypressLearn/src/utils/thing.module.js": {"path":"F:/my/front-practice/unitTest/cypressLearn/src/utils/thing.module.js","statementMap":{},"fnMap":{},"branchMap":{},"s":{},"f":{},"b":{}}
,"F:/my/front-practice/unitTest/cypressLearn/src/views/3D.vue": {"path":"F:/my/front-practice/unitTest/cypressLearn/src/views/3D.vue","statementMap":{},"fnMap":{},"branchMap":{},"s":{},"f":{},"b":{}}
,"F:/my/front-practice/unitTest/cypressLearn/src/views/login.vue": {"path":"F:/my/front-practice/unitTest/cypressLearn/src/views/login.vue","statementMap":{},"fnMap":{},"branchMap":{},"s":{},"f":{},"b":{}}
,"F:/my/front-practice/unitTest/cypressLearn/src/views/CanvasEditor/LeftPanel.vue": {"path":"F:/my/front-practice/unitTest/cypressLearn/src/views/CanvasEditor/LeftPanel.vue","statementMap":{},"fnMap":{},"branchMap":{},"s":{},"f":{},"b":{}}
,"F:/my/front-practice/unitTest/cypressLearn/src/views/CanvasEditor/LeftPanel/ComList.vue": {"path":"F:/my/front-practice/unitTest/cypressLearn/src/views/CanvasEditor/LeftPanel/ComList.vue","statementMap":{},"fnMap":{},"branchMap":{},"s":{},"f":{},"b":{}}
}
